<?xml version="1.0" encoding="UTF-8"?>
<!-- Generated by org.testng.reporters.JUnitReportReporter -->
<testsuite skipped="0" hostname="B2-LAP-VLANKA" name="com.prevail.profile.Test3" tests="3" failures="0" timestamp="21 Nov 2017 07:10:42 GMT" time="0.021" errors="0">
  <testcase name="hi" time="0.021" classname="com.prevail.profile.Test3"/>
  <testcase name="hi" time="0.000" classname="com.prevail.profile.Test3"/>
  <testcase name="hi" time="0.000" classname="com.prevail.profile.Test3"/>
</testsuite> <!-- com.prevail.profile.Test3 -->
