<?xml version="1.0" encoding="UTF-8"?>
<!-- Generated by org.testng.reporters.JUnitReportReporter -->
<testsuite skipped="0" hostname="B2-LAP-SSURESH7" name="com.prevail.profile.ForgotPassword" tests="3" failures="0" timestamp="14 Dec 2017 05:46:04 GMT" time="24.808" errors="0">
  <testcase name="TC01_ForgotPassword_Closebutton" time="10.588" classname="com.prevail.profile.ForgotPassword"/>
  <testcase name="TC00_ForgotPassword_sendbutton" time="10.602" classname="com.prevail.profile.ForgotPassword"/>
  <testcase name="TC02_ForgotPassword_OverlayUI" time="3.618" classname="com.prevail.profile.ForgotPassword"/>
</testsuite> <!-- com.prevail.profile.ForgotPassword -->
