<?xml version="1.0" encoding="UTF-8"?>
<!-- Generated by org.testng.reporters.JUnitReportReporter -->
<testsuite skipped="0" hostname="B2-LAP-SMARIH" name="com.prevail.utilgeneric.Test1" tests="1" failures="0" timestamp="22 Nov 2017 13:06:35 GMT" time="8.817" errors="0">
  <testcase name="ExtentTest000" time="8.817" classname="com.prevail.utilgeneric.Test1"/>
</testsuite> <!-- com.prevail.utilgeneric.Test1 -->
