<?xml version="1.0" encoding="UTF-8"?>
<!-- Generated by org.testng.reporters.JUnitReportReporter -->
<testsuite skipped="0" hostname="B2-LAP-SMARIH" name="com.prevail.profile.Wishlist_Reg" tests="1" failures="0" timestamp="05 Dec 2017 05:22:03 GMT" time="0.063" errors="1">
  <testcase name="logIn_UI_001" time="0.063" classname="com.prevail.profile.Wishlist_Reg">
    <error type="java.io.FileNotFoundException" message="C:\Scripts\Prevail_selenium\prevail_baselinescripts\Prevail\POM\ShopNav\Header.properties (The system cannot find the file specified)">
      <![CDATA[java.io.FileNotFoundException: C:\Scripts\Prevail_selenium\prevail_baselinescripts\Prevail\POM\ShopNav\Header.properties (The system cannot find the file specified)
	at java.io.FileInputStream.open0(Native Method)
	at java.io.FileInputStream.open(Unknown Source)
	at java.io.FileInputStream.<init>(Unknown Source)
	at com.prevail.utilgeneric.GetData.getDataFromProperties(GetData.java:42)
	at com.prevail.utilgeneric.Locators.getLocators(Locators.java:48)
	at com.prevail.utilgeneric.Locators.getWebElement(Locators.java:96)
	at com.prevail.profile.Wishlist_Reg.logIn_UI_001(Wishlist_Reg.java:14)
	at sun.reflect.NativeMethodAccessorImpl.invoke0(Native Method)
	at sun.reflect.NativeMethodAccessorImpl.invoke(Unknown Source)
	at sun.reflect.DelegatingMethodAccessorImpl.invoke(Unknown Source)
	at java.lang.reflect.Method.invoke(Unknown Source)
	at org.testng.internal.MethodInvocationHelper.invokeMethod(MethodInvocationHelper.java:108)
	at org.testng.internal.Invoker.invokeMethod(Invoker.java:669)
	at org.testng.internal.Invoker.invokeTestMethod(Invoker.java:877)
	at org.testng.internal.Invoker.invokeTestMethods(Invoker.java:1201)
	at org.testng.internal.TestMethodWorker.invokeTestMethods(TestMethodWorker.java:125)
	at org.testng.internal.TestMethodWorker.run(TestMethodWorker.java:109)
	at org.testng.TestRunner.privateRun(TestRunner.java:776)
	at org.testng.TestRunner.run(TestRunner.java:634)
	at org.testng.SuiteRunner.runTest(SuiteRunner.java:425)
	at org.testng.SuiteRunner.access$000(SuiteRunner.java:40)
	at org.testng.SuiteRunner$SuiteWorker.run(SuiteRunner.java:459)
	at org.testng.internal.thread.ThreadUtil$1.call(ThreadUtil.java:52)
	at java.util.concurrent.FutureTask.run(Unknown Source)
	at java.util.concurrent.ThreadPoolExecutor.runWorker(Unknown Source)
	at java.util.concurrent.ThreadPoolExecutor$Worker.run(Unknown Source)
	at java.lang.Thread.run(Unknown Source)
]]>
    </error>
  </testcase> <!-- logIn_UI_001 -->
</testsuite> <!-- com.prevail.profile.Wishlist_Reg -->
