<?xml version="1.0" encoding="UTF-8"?>
<!-- Generated by org.testng.reporters.JUnitReportReporter -->
<testsuite skipped="16" hostname="B2-LAP-VLANKA" name="com.prevail.profile.MyAcc_Home" tests="18" failures="0" timestamp="27 Mar 2018 07:09:18 GMT" time="5.733" errors="2">
  <testcase name="TC04_MyAcc_PersonalDataLink" time="0.000" classname="com.prevail.profile.MyAcc_Home">
    <skipped/>
  </testcase> <!-- TC04_MyAcc_PersonalDataLink -->
  <testcase name="TC02_MyAcc_GiftregistryLink" time="0.000" classname="com.prevail.profile.MyAcc_Home">
    <skipped/>
  </testcase> <!-- TC02_MyAcc_GiftregistryLink -->
  <testcase name="TC05_MyAcc_AddressLink" time="0.000" classname="com.prevail.profile.MyAcc_Home">
    <skipped/>
  </testcase> <!-- TC05_MyAcc_AddressLink -->
  <testcase name="TC05_MyAcc_AddressLink" time="0.000" classname="com.prevail.profile.MyAcc_Home">
    <skipped/>
  </testcase> <!-- TC05_MyAcc_AddressLink -->
  <testcase name="initialize" time="2.437" classname="com.prevail.profile.MyAcc_Home">
    <error type="java.lang.NullPointerException">
      <![CDATA[java.lang.NullPointerException
	at com.prevail.projectspec.GlobalFunctions.navigateToSite(GlobalFunctions.java:31)
	at com.prevail.utilgeneric.BaseTest.initialize(BaseTest.java:148)
	at sun.reflect.NativeMethodAccessorImpl.invoke0(Native Method)
	at sun.reflect.NativeMethodAccessorImpl.invoke(Unknown Source)
	at sun.reflect.DelegatingMethodAccessorImpl.invoke(Unknown Source)
	at java.lang.reflect.Method.invoke(Unknown Source)
	at org.testng.internal.MethodInvocationHelper.invokeMethod(MethodInvocationHelper.java:108)
	at org.testng.internal.Invoker.invokeConfigurationMethod(Invoker.java:523)
	at org.testng.internal.Invoker.invokeConfigurations(Invoker.java:224)
	at org.testng.internal.Invoker.invokeConfigurations(Invoker.java:146)
	at org.testng.internal.TestMethodWorker.invokeBeforeClassMethods(TestMethodWorker.java:166)
	at org.testng.internal.TestMethodWorker.run(TestMethodWorker.java:105)
	at org.testng.TestRunner.privateRun(TestRunner.java:744)
	at org.testng.TestRunner.run(TestRunner.java:602)
	at org.testng.SuiteRunner.runTest(SuiteRunner.java:380)
	at org.testng.SuiteRunner.access$000(SuiteRunner.java:39)
	at org.testng.SuiteRunner$SuiteWorker.run(SuiteRunner.java:414)
	at org.testng.internal.thread.ThreadUtil$1.call(ThreadUtil.java:52)
	at java.util.concurrent.FutureTask.run(Unknown Source)
	at java.util.concurrent.ThreadPoolExecutor.runWorker(Unknown Source)
	at java.util.concurrent.ThreadPoolExecutor$Worker.run(Unknown Source)
	at java.lang.Thread.run(Unknown Source)
]]>
    </error>
  </testcase> <!-- initialize -->
  <testcase name="TC01_MyAcc_UI" time="0.000" classname="com.prevail.profile.MyAcc_Home">
    <skipped/>
  </testcase> <!-- TC01_MyAcc_UI -->
  <testcase name="TC06_MyAcc_LeftNavLink_Navigation" time="0.000" classname="com.prevail.profile.MyAcc_Home">
    <skipped/>
  </testcase> <!-- TC06_MyAcc_LeftNavLink_Navigation -->
  <testcase name="TC07_MyAcc_Logout" time="0.000" classname="com.prevail.profile.MyAcc_Home">
    <skipped/>
  </testcase> <!-- TC07_MyAcc_Logout -->
  <testcase name="TC00_MyAcc_ordersLink" time="0.000" classname="com.prevail.profile.MyAcc_Home">
    <skipped/>
  </testcase> <!-- TC00_MyAcc_ordersLink -->
  <testcase name="TC07_MyAcc_Logout" time="0.000" classname="com.prevail.profile.MyAcc_Home">
    <skipped/>
  </testcase> <!-- TC07_MyAcc_Logout -->
  <testcase name="initialize" time="3.296" classname="com.prevail.profile.MyAcc_Home">
    <error type="java.lang.NullPointerException">
      <![CDATA[java.lang.NullPointerException
	at com.prevail.projectspec.GlobalFunctions.navigateToSite(GlobalFunctions.java:31)
	at com.prevail.utilgeneric.BaseTest.initialize(BaseTest.java:148)
	at sun.reflect.NativeMethodAccessorImpl.invoke0(Native Method)
	at sun.reflect.NativeMethodAccessorImpl.invoke(Unknown Source)
	at sun.reflect.DelegatingMethodAccessorImpl.invoke(Unknown Source)
	at java.lang.reflect.Method.invoke(Unknown Source)
	at org.testng.internal.MethodInvocationHelper.invokeMethod(MethodInvocationHelper.java:108)
	at org.testng.internal.Invoker.invokeConfigurationMethod(Invoker.java:523)
	at org.testng.internal.Invoker.invokeConfigurations(Invoker.java:224)
	at org.testng.internal.Invoker.invokeConfigurations(Invoker.java:146)
	at org.testng.internal.TestMethodWorker.invokeBeforeClassMethods(TestMethodWorker.java:166)
	at org.testng.internal.TestMethodWorker.run(TestMethodWorker.java:105)
	at org.testng.TestRunner.privateRun(TestRunner.java:744)
	at org.testng.TestRunner.run(TestRunner.java:602)
	at org.testng.SuiteRunner.runTest(SuiteRunner.java:380)
	at org.testng.SuiteRunner.access$000(SuiteRunner.java:39)
	at org.testng.SuiteRunner$SuiteWorker.run(SuiteRunner.java:414)
	at org.testng.internal.thread.ThreadUtil$1.call(ThreadUtil.java:52)
	at java.util.concurrent.FutureTask.run(Unknown Source)
	at java.util.concurrent.ThreadPoolExecutor.runWorker(Unknown Source)
	at java.util.concurrent.ThreadPoolExecutor$Worker.run(Unknown Source)
	at java.lang.Thread.run(Unknown Source)
]]>
    </error>
  </testcase> <!-- initialize -->
  <testcase name="TC06_MyAcc_LeftNavLink_Navigation" time="0.000" classname="com.prevail.profile.MyAcc_Home">
    <skipped/>
  </testcase> <!-- TC06_MyAcc_LeftNavLink_Navigation -->
  <testcase name="TC03_MyAcc_WishListLink" time="0.000" classname="com.prevail.profile.MyAcc_Home">
    <skipped/>
  </testcase> <!-- TC03_MyAcc_WishListLink -->
  <testcase name="TC03_MyAcc_WishListLink" time="0.000" classname="com.prevail.profile.MyAcc_Home">
    <skipped/>
  </testcase> <!-- TC03_MyAcc_WishListLink -->
  <testcase name="TC04_MyAcc_PersonalDataLink" time="0.000" classname="com.prevail.profile.MyAcc_Home">
    <skipped/>
  </testcase> <!-- TC04_MyAcc_PersonalDataLink -->
  <testcase name="TC00_MyAcc_ordersLink" time="0.000" classname="com.prevail.profile.MyAcc_Home">
    <skipped/>
  </testcase> <!-- TC00_MyAcc_ordersLink -->
  <testcase name="TC02_MyAcc_GiftregistryLink" time="0.000" classname="com.prevail.profile.MyAcc_Home">
    <skipped/>
  </testcase> <!-- TC02_MyAcc_GiftregistryLink -->
  <testcase name="TC01_MyAcc_UI" time="0.000" classname="com.prevail.profile.MyAcc_Home">
    <skipped/>
  </testcase> <!-- TC01_MyAcc_UI -->
</testsuite> <!-- com.prevail.profile.MyAcc_Home -->
