<?xml version="1.0" encoding="UTF-8"?>
<!-- Generated by org.testng.reporters.JUnitReportReporter -->
<testsuite skipped="0" hostname="B2-LAP-ADITYA" name="com.ea.utilgeneric.Test" tests="4" failures="0" timestamp="23 Oct 2017 09:59:41 GMT" time="19.928" errors="0">
  <testcase name="ExtentTest000" time="6.440" classname="com.ea.utilgeneric.Test"/>
  <testcase name="ExtentTest002" time="2.681" classname="com.ea.utilgeneric.Test"/>
  <testcase name="ExtentTest002" time="1.389" classname="com.ea.utilgeneric.Test"/>
  <testcase name="ExtentTest000" time="9.418" classname="com.ea.utilgeneric.Test"/>
</testsuite> <!-- com.ea.utilgeneric.Test -->
