<?xml version="1.0" encoding="UTF-8"?>
<!-- Generated by org.testng.reporters.JUnitReportReporter -->
<testsuite skipped="0" hostname="B2-LAP-VLANKA" name="com.prevail.shopnav.CategoryLanding" tests="1" failures="0" timestamp="15 Nov 2017 12:07:47 GMT" time="23.732" errors="0">
  <testcase name="NavigateToCatLanding" time="23.732" classname="com.prevail.shopnav.CategoryLanding"/>
</testsuite> <!-- com.prevail.shopnav.CategoryLanding -->
