<?xml version="1.0" encoding="UTF-8"?>
<!-- Generated by org.testng.reporters.JUnitReportReporter -->
<testsuite skipped="6" hostname="LAPTOP-E36DAG2Q" name="com.prevail.shopnav.CategoryPage" tests="7" failures="0" timestamp="22 Jul 2018 15:09:53 GMT" time="0.000" errors="1">
  <testcase name="TC02_Breadcrumb_Functionality" time="0.000" classname="com.prevail.shopnav.CategoryPage">
    <skipped/>
  </testcase> <!-- TC02_Breadcrumb_Functionality -->
  <testcase name="TC05_CLP_LeftNav_ColorFilter_Functionality" time="0.000" classname="com.prevail.shopnav.CategoryPage">
    <skipped/>
  </testcase> <!-- TC05_CLP_LeftNav_ColorFilter_Functionality -->
  <testcase name="TC06_CLP_LeftNav_PriceFilter_Functionality" time="0.000" classname="com.prevail.shopnav.CategoryPage">
    <skipped/>
  </testcase> <!-- TC06_CLP_LeftNav_PriceFilter_Functionality -->
  <testcase name="TC03_CLP_Breadcrumb_Functionality" time="0.000" classname="com.prevail.shopnav.CategoryPage">
    <skipped/>
  </testcase> <!-- TC03_CLP_Breadcrumb_Functionality -->
  <testcase name="TC04_CLP_List_GridView_Functionality" time="0.000" classname="com.prevail.shopnav.CategoryPage">
    <skipped/>
  </testcase> <!-- TC04_CLP_List_GridView_Functionality -->
  <testcase name="TC01_Category_Navigation_UI" time="0.000" classname="com.prevail.shopnav.CategoryPage">
    <skipped/>
  </testcase> <!-- TC01_Category_Navigation_UI -->
  <testcase name="initialize" time="0.000" classname="com.prevail.shopnav.CategoryPage">
    <error type="java.lang.NullPointerException">
      <![CDATA[java.lang.NullPointerException
at com.prevail.utilgeneric.BaseTest.initialize(BaseTest.java:98)
at sun.reflect.NativeMethodAccessorImpl.invoke0(Native Method)
at sun.reflect.NativeMethodAccessorImpl.invoke(NativeMethodAccessorImpl.java:62)
at sun.reflect.DelegatingMethodAccessorImpl.invoke(DelegatingMethodAccessorImpl.java:43)
at java.lang.reflect.Method.invoke(Method.java:497)
at org.testng.internal.MethodInvocationHelper.invokeMethod(MethodInvocationHelper.java:124)
at org.testng.internal.MethodInvocationHelper.invokeMethodConsideringTimeout(MethodInvocationHelper.java:59)
at org.testng.internal.Invoker.invokeConfigurationMethod(Invoker.java:455)
at org.testng.internal.Invoker.invokeConfigurations(Invoker.java:222)
at org.testng.internal.Invoker.invokeConfigurations(Invoker.java:142)
at org.testng.internal.TestMethodWorker.invokeBeforeClassMethods(TestMethodWorker.java:168)
at org.testng.internal.TestMethodWorker.run(TestMethodWorker.java:105)
at org.testng.TestRunner.privateRun(TestRunner.java:648)
at org.testng.TestRunner.run(TestRunner.java:505)
at org.testng.SuiteRunner.runTest(SuiteRunner.java:455)
at org.testng.SuiteRunner.runSequentially(SuiteRunner.java:450)
at org.testng.SuiteRunner.privateRun(SuiteRunner.java:415)
at org.testng.SuiteRunner.run(SuiteRunner.java:364)
at org.testng.SuiteRunnerWorker.runSuite(SuiteRunnerWorker.java:52)
at org.testng.SuiteRunnerWorker.run(SuiteRunnerWorker.java:84)
at org.testng.TestNG.runSuitesSequentially(TestNG.java:1208)
at org.testng.TestNG.runSuitesLocally(TestNG.java:1137)
at org.testng.TestNG.runSuites(TestNG.java:1049)
at org.testng.TestNG.run(TestNG.java:1017)
at org.testng.remote.AbstractRemoteTestNG.run(AbstractRemoteTestNG.java:114)
at org.testng.remote.RemoteTestNG.initAndRun(RemoteTestNG.java:251)
at org.testng.remote.RemoteTestNG.main(RemoteTestNG.java:77)
]]>
    </error>
  </testcase> <!-- initialize -->
</testsuite> <!-- com.prevail.shopnav.CategoryPage -->
