<?xml version="1.0" encoding="UTF-8"?>
<!-- Generated by org.testng.reporters.JUnitReportReporter -->
<testsuite skipped="0" hostname="B2-LAP-VLANKA" name="com.prevail.profile.PaymentSettings" tests="2" failures="0" timestamp="15 Nov 2017 05:48:03 GMT" time="44.355" errors="0">
  <testcase name="PaymentSettings_UI" time="40.441" classname="com.prevail.profile.PaymentSettings"/>
  <testcase name="PaymentSettings_AddCreditCard" time="3.914" classname="com.prevail.profile.PaymentSettings"/>
</testsuite> <!-- com.prevail.profile.PaymentSettings -->
